Determining if the pthread_create exist failed with the following output:
Change Dir: /mnt/d/Software_setups/MBDYN/GSOC_MBDYN_UVLM_SUBMISSION/mbdyn/modules/module-uvlm/UVLM-master/lib/CMakeFiles/CMakeTmp

Run Build Command:"/usr/bin/make" "cmTC_46beb/fast"
/usr/bin/make -f CMakeFiles/cmTC_46beb.dir/build.make CMakeFiles/cmTC_46beb.dir/build
make[1]: Entering directory '/mnt/d/Software_setups/MBDYN/GSOC_MBDYN_UVLM_SUBMISSION/mbdyn/modules/module-uvlm/UVLM-master/lib/CMakeFiles/CMakeTmp'
Building C object CMakeFiles/cmTC_46beb.dir/CheckSymbolExists.c.o
/usr/bin/cc    -o CMakeFiles/cmTC_46beb.dir/CheckSymbolExists.c.o   -c /mnt/d/Software_setups/MBDYN/GSOC_MBDYN_UVLM_SUBMISSION/mbdyn/modules/module-uvlm/UVLM-master/lib/CMakeFiles/CMakeTmp/CheckSymbolExists.c
Linking C executable cmTC_46beb
/usr/bin/cmake -E cmake_link_script CMakeFiles/cmTC_46beb.dir/link.txt --verbose=1
/usr/bin/cc      CMakeFiles/cmTC_46beb.dir/CheckSymbolExists.c.o  -o cmTC_46beb 
CMakeFiles/cmTC_46beb.dir/CheckSymbolExists.c.o: In function `main':
CheckSymbolExists.c:(.text+0x1b): undefined reference to `pthread_create'
collect2: error: ld returned 1 exit status
CMakeFiles/cmTC_46beb.dir/build.make:97: recipe for target 'cmTC_46beb' failed
make[1]: *** [cmTC_46beb] Error 1
make[1]: Leaving directory '/mnt/d/Software_setups/MBDYN/GSOC_MBDYN_UVLM_SUBMISSION/mbdyn/modules/module-uvlm/UVLM-master/lib/CMakeFiles/CMakeTmp'
Makefile:126: recipe for target 'cmTC_46beb/fast' failed
make: *** [cmTC_46beb/fast] Error 2

File /mnt/d/Software_setups/MBDYN/GSOC_MBDYN_UVLM_SUBMISSION/mbdyn/modules/module-uvlm/UVLM-master/lib/CMakeFiles/CMakeTmp/CheckSymbolExists.c:
/* */
#include <pthread.h>

int main(int argc, char** argv)
{
  (void)argv;
#ifndef pthread_create
  return ((int*)(&pthread_create))[argc];
#else
  (void)argc;
  return 0;
#endif
}

Determining if the function pthread_create exists in the pthreads failed with the following output:
Change Dir: /mnt/d/Software_setups/MBDYN/GSOC_MBDYN_UVLM_SUBMISSION/mbdyn/modules/module-uvlm/UVLM-master/lib/CMakeFiles/CMakeTmp

Run Build Command:"/usr/bin/make" "cmTC_33d66/fast"
/usr/bin/make -f CMakeFiles/cmTC_33d66.dir/build.make CMakeFiles/cmTC_33d66.dir/build
make[1]: Entering directory '/mnt/d/Software_setups/MBDYN/GSOC_MBDYN_UVLM_SUBMISSION/mbdyn/modules/module-uvlm/UVLM-master/lib/CMakeFiles/CMakeTmp'
Building C object CMakeFiles/cmTC_33d66.dir/CheckFunctionExists.c.o
/usr/bin/cc   -DCHECK_FUNCTION_EXISTS=pthread_create   -o CMakeFiles/cmTC_33d66.dir/CheckFunctionExists.c.o   -c /usr/share/cmake-3.10/Modules/CheckFunctionExists.c
Linking C executable cmTC_33d66
/usr/bin/cmake -E cmake_link_script CMakeFiles/cmTC_33d66.dir/link.txt --verbose=1
/usr/bin/cc  -DCHECK_FUNCTION_EXISTS=pthread_create    CMakeFiles/cmTC_33d66.dir/CheckFunctionExists.c.o  -o cmTC_33d66 -lpthreads 
/usr/bin/ld: cannot find -lpthreads
collect2: error: ld returned 1 exit status
CMakeFiles/cmTC_33d66.dir/build.make:97: recipe for target 'cmTC_33d66' failed
make[1]: *** [cmTC_33d66] Error 1
make[1]: Leaving directory '/mnt/d/Software_setups/MBDYN/GSOC_MBDYN_UVLM_SUBMISSION/mbdyn/modules/module-uvlm/UVLM-master/lib/CMakeFiles/CMakeTmp'
Makefile:126: recipe for target 'cmTC_33d66/fast' failed
make: *** [cmTC_33d66/fast] Error 2


