
LINE     1:UNKNOWN ENTRY (SYNTAX ERROR) [_]
LINE    30:PART, ENTRY NOT CONGRUENT WITH NULL MASS [IP]
LINE    30:PART, ENTRY NOT CONGRUENT WITH NULL MASS [VX]
LINE    30:PART, ENTRY NOT CONGRUENT WITH NULL MASS [CM]
LINE    85:PART, ENTRY NOT CONGRUENT WITH NULL MASS [IP]
LINE    85:PART, ENTRY NOT CONGRUENT WITH NULL MASS [VX]
LINE    85:PART, ENTRY NOT CONGRUENT WITH NULL MASS [VZ]
LINE    85:PART, ENTRY NOT CONGRUENT WITH NULL MASS [CM]
LINE   119:PART, ENTRY NOT CONGRUENT WITH NULL MASS [IP]
LINE   119:PART, ENTRY NOT CONGRUENT WITH NULL MASS [VX]
LINE   119:PART, ENTRY NOT CONGRUENT WITH NULL MASS [VZ]
LINE   119:PART, ENTRY NOT CONGRUENT WITH NULL MASS [CM]
LINE   142:UNKNOWN ENTRY (SYNTAX ERROR) [41]
LINE   146:PART, ENTRY NOT CONGRUENT WITH NULL MASS [IP]
LINE   146:PART, ENTRY NOT CONGRUENT WITH NULL MASS [VX]
LINE   146:PART, ENTRY NOT CONGRUENT WITH NULL MASS [VZ]
LINE   146:PART, ENTRY NOT CONGRUENT WITH NULL MASS [CM]
LINE   169:UNKNOWN ENTRY (SYNTAX ERROR) [42]
LINE   189:UNKNOWN ENTRY (SYNTAX ERROR) [50]
LINE   192:UNKNOWN ENTRY (SYNTAX ERROR) [46]
LINE   195:UNKNOWN ENTRY (SYNTAX ERROR) [47]
LINE   198:UNKNOWN ENTRY (SYNTAX ERROR) [48]
LINE   201:UNKNOWN ENTRY (SYNTAX ERROR) [51]
LINE   205:JOINT, EXTENSIONS MUST BE SPECIFIED FOR THIS JOINT [REVOLUTE]
LINE   208:JOINT, EXTENSIONS MUST BE SPECIFIED FOR THIS JOINT [REVOLUTE]
LINE   211:JOINT, EXTENSIONS MUST BE SPECIFIED FOR THIS JOINT [REVOLUTE]
LINE   214:JOINT, EXTENSIONS MUST BE SPECIFIED FOR THIS JOINT [TRANSLATIONAL]
LINE   217:JOINT, EXTENSIONS MUST BE SPECIFIED FOR THIS JOINT [TRANSLATIONAL]
LINE   220:JOINT, EXTENSIONS MUST BE SPECIFIED FOR THIS JOINT [TRANSLATIONAL]
LINE   223:JOINT, EXTENSIONS MUST BE SPECIFIED FOR THIS JOINT [REVOLUTE]
LINE   225:UNKNOWN ENTRY (SYNTAX ERROR) [*2]
LINE   233:UNKNOWN ENTRY (SYNTAX ERROR) [*919]
LINE   279:UNKNOWN ENTRY (SYNTAX ERROR) [IMPACT]
LINE   285:UNKNOWN ENTRY (SYNTAX ERROR) [USER]
LINE   289:UNKNOWN ENTRY (SYNTAX ERROR) [VARIABLE]
LINE   294:UNKNOWN ENTRY (SYNTAX ERROR) [VARIABLE]
LINE   337:UNKNOWN ENTRY (SYNTAX ERROR) [VARIABLE]
LINE   341:UNKNOWN ENTRY (SYNTAX ERROR) [VARIABLE]
LINE   348:UNKNOWN ENTRY (SYNTAX ERROR) [VARIABLE]
LINE   353:UNKNOWN ENTRY (SYNTAX ERROR) [VARIABLE]
LINE   356:UNKNOWN ENTRY (SYNTAX ERROR) [VARIABLE]
LINE   359:UNKNOWN ENTRY (SYNTAX ERROR) [VARIABLE]
LINE   362:UNKNOWN ENTRY (SYNTAX ERROR) [VARIABLE]
LINE   365:UNKNOWN ENTRY (SYNTAX ERROR) [ARRAY]
LINE   369:UNKNOWN ENTRY (SYNTAX ERROR) [ARRAY]
LINE   371:UNKNOWN ENTRY (SYNTAX ERROR) [REQSAVE]